1 10 20
100 200 125
201 210 89
900 1000 174
1894 2566 209
681 9074 262
5406 2182 238
11 7172 262
8856 9912 260
2446 4745 238
753 4042 238
6971 8629 252
9158 6515 257
9463 1370 262
4724 3178 238
7704 7675 177
130 9069 262
1792 7294 262
9477 2904 262
379 2085 182
8241 7396 252
4778 3090 238
9449 497 262
1726 9452 262
1443 4402 238
6124 3899 236
5997 1579 238
5679 8406 262
6074 3229 238
9578 5380 262
1135 9716 262
2310 9551 262
1330 8747 262
3050 4318 238
4608 9752 262
6449 2892 262
8094 7927 252
534 8370 262
6932 5757 262
8140 2928 262
5341 5122 192
1182 4808 238
805 6305 262
2199 5834 238
3996 9815 262
1745 1306 180
7749 9483 260
7498 5042 262
6621 3205 262
9266 353 262
1709 3409 217
3115 1869 217
3661 136 217
2815 7357 262
1881 7277 262
5303 6937 262
8103 7980 190
4674 3807 215
5788 5922 218
4658 2683 238
9705 4308 262
5056 6654 262
6330 3263 262
8761 6937 257
1409 2809 209
1954 4147 238
2239 3061 217
4333 9069 262
2812 3832 238
8584 8966 247
730 5166 238
9845 2229 262
8460 9874 260
1892 4442 238
5146 157 238
1707 3128 217
6892 7463 257
981 6023 238
1435 4222 238
7509 4725 262
8010 2977 262
4523 565 238
8026 8440 234
4233 918 238
8230 685 262
3744 9655 262
6865 2804 262
3482 9550 262
4786 8250 262
408 4303 238
5084 1554 238
245 1638 182
5846 6976 262
8109 615 262
4936 9517 262
8399 3457 262
5506 590 238
8981 5116 262
5853 6818 262
932 9079 262
4560 4387 184
3563 3303 181
7674 8863 252
4917 70 238
633 952 179
6643 1176 262
6669 9776 260
3949 8658 262
911 9089 262
2410 6809 262
8521 1198 262
5589 2196 238
2845 995 209
6027 324 238
456 6027 238
4737 6769 262
3644 2907 217
3036 361 217
1833 1362 180
7300 6556 257
1428 4904 238
2844 8740 262
5753 3821 236
3410 7255 262
9079 6389 257
4614 7775 262
8383 1275 262
2407 340 183
3256 3609 194
3357 1622 217
691 1865 182
6642 9629 260
5124 3070 238
655 406 145
5971 930 238
1673 4121 238
6092 4804 236
9596 902 262
5963 9078 262
1693 246 182
1781 6945 262
6520 8347 257
6886 5384 262
3490 1065 217
3482 2800 217
2344 9637 262
6366 2355 262
1953 7595 262
9064 4170 262
2484 4431 238
8283 3374 262
3993 4191 189
4718 2257 238
5304 7806 262
4544 7053 262
4582 400 238
2273 7858 262
9227 4017 262
5234 6682 262
7846 8293 252
9499 94 262
9125 9793 260
3245 175 217
4043 3166 238
7592 3766 262
3755 9971 262
2368 9432 262
7516 3476 262
5507 2836 238
8438 4121 262
703 9150 262
1846 9005 262
5221 1616 238
7390 7147 208
415 6763 262
8368 2794 262
3281 8937 262
3720 7132 262
3608 2085 217
1299 3914 238
6492 9497 260
7399 7548 239
6121 8429 262
7028 6960 195
8585 3260 262
4539 934 238
4079 5527 215
6823 5146 262
1635 5022 238
682 9289 262
827 343 171
4671 9782 262
4773 4240 215
3791 2220 238
4273 8593 262
9461 8954 260
5831 8159 262
34 324 131
4426 9884 262
6699 5927 262
6636 1655 262
6737 5158 262
1205 4285 238
45 7750 262
461 2949 217
1269 1770 180
3559 7572 262
3872 5327 215
8062 2982 262
2094 4885 238
6197 7520 257
9696 8123 260
4720 6750 262
801 6458 262
1773 5471 238
5757 5670 205
8454 5809 262
728 377 171
489 1207 182
5717 5839 218
1014 4783 238
6807 6128 262
2138 905 182
8157 8413 234
8325 7783 252
26 2099 182
6412 9230 257
5470 9118 262
1384 5463 238
6008 463 238
5810 8992 262
9150 4004 262
8132 9163 247
432 5045 238
1996 4667 238
9335 6612 260
4071 5712 236
1735 4373 238
7677 6003 262
9602 8042 260
1007 3870 238
6733 8611 257
1912 7510 262
9731 4873 262
4768 5072 210
4156 2223 238
6507 6823 244
2965 9696 262
5022 645 238
1718 1457 180
1151 846 179
2747 1069 209
7130 1885 262
7572 8420 252
522 6040 238
9235 2832 262
1463 3389 217
3420 7443 262
1352 1066 182
3729 8089 262
9254 9781 260
6192 4178 262
8248 3973 262
6209 8318 257
2173 7365 262
3824 3544 238
5320 1015 238
4688 7205 262
7351 5929 262
990 182 179
415 2000 182
2992 2953 142
4867 3117 238
1485 1940 180
2314 9 183
3162 259 217
2668 5164 238
3424 8855 262
2164 8927 262
2171 5095 238
246 1090 179
6727 3130 262
7754 8587 252
5818 4950 236
5963 2777 238
6935 3800 262
8508 7909 252
3598 91 217
2070 1610 180
122 9174 262
808 2300 183
935 8214 262
1725 2340 183
9718 2553 262
8690 7351 252
9069 7453 252
9634 3017 262
3958 2878 238
4951 6458 262
2013 8209 262
435 3614 217
8129 2136 262
1352 9466 262
2161 1758 175
4178 662 238
2830 1464 209
1995 7871 262
3118 3793 238
3132 8818 262
9574 8483 260
117 1036 179
3433 6300 262
4974 18 238
4360 527 238
549 4042 238
2222 2945 217
3116 2778 217
1195 8363 262
5364 4513 210
3945 4618 215
8196 4835 262
2182 5458 238
6565 2467 262
3292 6768 262
4917 4211 215
9709 4756 262
5660 2080 238
683 398 145
5883 9490 262
1630 8126 262
109 7115 262
1718 1881 180
6494 9333 260
5942 5646 218
9886 2476 262
5089 7173 262
1340 2804 209
6231 5091 262
2631 455 209
1387 3615 217
2591 3335 217
9874 5093 262
178 9469 262
8953 9140 247
3506 9196 262
5819 8215 262
4253 8379 262
1569 3079 217
4929 1289 238
9482 4188 262
6056 2531 238
5871 5090 236
3003 7550 262
6958 4409 262
3363 2797 217
7194 5208 262
7188 5651 262
7985 3261 262
3491 1526 217
825 1621 182
955 325 179
6354 1210 262
4958 8413 262
3012 3545 199
7390 1182 262
2513 7094 262
1227 9999 262
3126 2481 217
9054 4982 262
666 4806 238
2205 4073 238
9262 5817 262
9608 2461 262
3230 4323 238
8237 7203 252
4824 7981 262
5537 1910 238
2414 1532 183
7617 3547 262
8358 5164 262
7034 7925 239
622 9963 262
2258 3580 217
1281 2372 183
1596 7120 262
4956 1922 238
7077 7146 195
8065 945 262
5550 2413 238
3656 4500 238
3237 4613 238
8257 8167 190
6269 3620 262
3762 272 238
5957 7225 262
2275 6422 262
2125 8403 262
5993 3904 236
5781 5006 236
8532 1834 262
1315 3355 217
2800 1954 209
7424 2347 262
4402 3551 238
1098 8920 262
4943 2310 238
5159 2564 238
317 3435 217
4327 1085 238
7455 619 262
638 1664 182
3018 4366 238
3510 846 217
2400 1724 183
8506 141 262
7592 5168 262
2058 969 182
1875 3168 217
2049 9013 262
1962 5003 238
6725 670 262
1579 293 182
1753 9461 262
2067 2074 157
844 1843 182
2286 7378 262
6086 9975 262
4336 1001 238
1563 324 182
9757 3943 262
4728 8360 262
5294 7717 262
5853 6768 262
5355 2442 238
1982 4449 238
8424 6363 257
9503 7603 260
4348 8306 262
2041 3189 217
1971 1683 180
5445 8537 262
2550 2716 191
5178 4107 215
3304 9515 262
7373 9004 252
8540 4235 262
908 2091 182
6130 7406 262
9113 9239 229
2729 6825 262
6879 871 262
8710 4545 262
6370 9911 260
4902 5496 210
8758 2364 262
9576 3192 262
3085 1089 217
1699 7222 262
554 1298 182
8527 3867 262
5295 5573 236
2902 3435 217
8037 7582 252
4576 7087 262
36 3980 238
7015 290 262
7966 1993 262
3645 4826 238
3507 2463 217
5103 1633 238
8899 666 262
9706 4824 262
9690 5283 262
917 3444 217
6078 747 238
8130 5478 262
2297 7958 262
450 4534 238
746 5687 238
2708 3621 217
8487 4499 262
554 7244 262
8113 7956 252
6726 4435 262
7798 5282 262
6346 6968 257
5057 2975 238
8209 4619 262
1026 6933 262
435 7836 262
9087 6834 257
179 2459 183
6748 6961 257
3163 1613 217
2028 5050 238
128 6356 262
4186 8291 262
4251 4783 215
4979 4234 215
9985 8182 260
1007 8107 262
3322 9586 262
393 7084 262
6105 4573 236
1654 4140 238
8372 1983 262
2555 5520 238
9119 4798 262
154 7788 262
7424 317 262
5085 4903 210
6576 5436 262
6632 4575 262
3259 3849 238
5723 1812 238
7339 9076 252
8094 9485 260
7108 6855 257
5765 8992 262
1128 5952 238
9851 952 262
5423 6388 262
593 6751 262
2249 1408 183
3270 6370 262
8583 5179 262
5082 987 238
55 1944 182
6350 5795 262
7740 5679 262
9272 1851 262
796 2290 183
2793 6819 262
4140 1738 238
2316 9121 262
3210 4736 238
1061 9762 262
878 1370 182
6718 7162 257
9707 3086 262
296 7693 262
4436 1984 238
1607 7747 262
5343 6020 236
2290 587 183
7786 1014 262
2849 649 209
9841 7688 260
7753 3125 262
9645 100 262
322 1066 179
1116 2534 209
4084 1703 238
3643 5376 238
740 4309 238
564 3218 217
4579 1352 238
3929 4298 202
833 5436 238
9478 5818 262
5423 2446 238
18 5276 238
1540 2383 183
8348 2933 262
9909 2380 262
6161 586 238
7565 8474 252
7669 7054 239
4492 6250 262
3371 8908 262
3927 6868 262
5642 1881 238
6070 7862 262
7382 8553 252
268 3351 217
5537 5359 192
9768 7538 260
7747 4986 262
7788 2777 262
325 6580 262
2071 8235 262
9238 6608 257
9952 8192 260
5789 5615 205
7236 5783 262
3041 5158 238
3017 9073 262
8445 7264 252
3496 2925 199
8064 5985 262
9941 4819 262
7863 728 262
1625 5621 238
4596 7843 262
7798 3451 262
9066 5888 262
3978 1936 238
8500 1310 262
3659 3046 199
3346 6451 262
2255 5057 238
687 6189 262
9758 2058 262
2419 9974 262
6868 5352 262
8071 1058 262
5824 2501 238
3654 1534 217
1833 3403 217
5792 6380 262
2087 11 182
4211 2039 238
5548 1929 238
9861 864 262
6801 1838 262
812 3687 217
6555 3063 262
99 2448 183
6044 8270 262
3083 5375 238
6670 342 262
5772 8346 262
8699 9934 260
3793 8230 262
6994 2463 262
4226 1195 238
2135 9259 262
4137 4987 215
6240 5986 262
1780 6822 262
2803 2756 160
1614 9887 262
4594 1883 238
8547 2450 262
4002 9538 262
9019 3640 262
5609 6707 262
641 6354 262
9033 585 262
8744 2051 262
7546 63 262
2208 5351 238
6651 7154 257
4711 7830 262
7213 1285 262
6873 5991 262
8019 6754 257
8877 1890 262
3776 3339 238
1622 4246 238
2040 3680 217
5124 7655 262
5060 561 238
4093 6672 262
4194 6489 262
9091 2145 262
559 304 144
9096 337 262
4640 9351 262
6193 2764 262
3068 7801 262
7247 4519 262
7585 9855 260
9798 4701 262
2267 1520 183
2271 8730 262
7733 8428 252
831 8748 262
5767 4665 236
2586 1812 209
7371 5738 262
8889 2913 262
6811 5467 262
8638 7683 252
8909 162 262
6248 5256 262
1028 2127 182
8907 7922 252
8209 594 262
1617 5340 238
5480 2895 238
9844 2967 262
1016 1597 182
6072 8111 262
8617 9319 260
3665 2006 217
1233 1216 133
338 7534 262
9477 6428 260
7964 1825 262
9769 8417 260
2053 4397 238
7205 352 262
9713 5508 262
2808 6646 262
7128 4595 262
7988 3860 262
5401 3110 238
7319 3899 262
1185 4224 238
2730 8309 262
2048 4087 238
5120 9790 262
9966 4246 262
5354 9901 262
8382 7629 252
5320 4043 215
782 2307 183
8716 3514 262
974 1243 182
7529 7696 177
8695 6187 257
4853 9222 262
9139 3995 262
1764 8584 262
7861 4017 262
6895 1565 262
992 5999 238
9538 9699 198
7801 5904 262
637 6340 262
1525 8453 262
9448 1073 262
9374 9977 242
8817 8669 216
8944 3068 262
2653 5776 238
8719 75 262
5526 5833 236
1918 8976 262
3060 8618 262
9147 3759 262
9684 3132 262
1591 2835 209
5586 6783 262
3798 6274 262
4195 3397 238
4925 9307 262
5732 4891 236
768 130 171
4758 6096 236
5857 3426 238
3535 8632 262
9005 5982 262
9752 8419 260
7999 1459 262
5252 1316 238
4178 5814 236
9844 1187 262
1192 5709 238
8377 3837 262
9089 3342 262
105 7417 262
6572 2792 262
1653 1426 172
1812 1476 180
2137 5071 238
8437 9597 260
1648 373 182
3996 5088 215
6936 1500 262
5834 4849 236
8223 1488 262
4816 249 238
7129 6034 262
2361 1272 183
7882 4164 262
1148 2312 183
5569 4822 236
8305 3205 262
1140 7633 262
5227 8880 262
1874 9363 262
2971 8128 262
3450 5254 238
6109 1899 238
8761 9401 260
6255 5098 262
7225 831 262
4269 9091 262
1003 6637 262
8895 2365 262
6246 4592 262
9329 6543 260
2713 4664 238
1344 4254 238
7664 5913 262
2828 9140 262
6413 1266 262
2354 7112 262
3640 3842 238
9958 8893 260
7571 876 262
7684 414 262
6432 1316 262
830 6725 262
1493 5295 238
1611 6915 262
8028 6066 262
8477 4022 262
17 7203 262
7955 5785 262
486 8361 262
4276 6366 262
4091 4552 215
7303 4347 262
1368 606 182
4483 87 238
1739 2268 183
2934 8933 262
4078 9821 262
1160 4395 238
6466 7047 257
3951 4841 215
3252 283 217
8576 256 262
5646 4579 236
8845 4768 262
9602 3755 262
7688 7257 239
4517 9779 262
9558 4554 262
5576 9587 262
3365 3452 181
6946 4661 262
7544 7933 221
2300 5802 238
6696 331 262
6158 9450 262
4922 9126 262
838 1282 182
9270 9433 198
333 5786 238
6874 5384 262
8777 8639 216
1226 398 182
1541 4175 238
4924 6859 262
6230 3137 262
6961 957 262
3699 4397 238
7705 2360 262
8915 5339 262
9587 4368 262
9944 5231 262
3876 7160 262
4654 5651 236
2692 6185 262
7629 7209 239
6766 8199 257
7790 1041 262
1864 6660 262
5205 7117 262
2505 958 209
3166 1782 217
1020 9436 262
2862 128 209
6330 1134 262
5220 8729 262
9081 8041 247
3251 2656 217
6348 3526 262
8334 8119 203
4666 873 238
7954 8372 252
8625 1286 262
3637 6683 262
9825 5181 262
5880 711 238
8664 9651 260
5354 9814 262
3499 7976 262
8166 5375 262
9730 7202 260
3700 413 217
3080 4604 238
5700 8212 262
542 3736 238
7289 2055 262
4007 7016 262
2271 1284 183
171 4031 238
8212 5531 262
1059 7496 262
797 4342 238
5824 7383 262
1371 3334 217
2719 8951 262
773 2467 209
834 7717 262
546 4216 238
1145 1001 169
7016 2743 262
907 4257 238
6849 6203 244
196 8457 262
4310 2800 238
5729 8473 262
6076 4285 236
2291 944 183
7867 7721 221
6479 7177 257
9578 390 262
6053 1015 238
5226 5802 236
8303 1464 262
2480 8737 262
6218 8983 257
869 3486 217
8497 3066 262
1703 5828 238
3157 299 217
7830 47 262
1822 8024 262
2330 1779 183
3989 304 238
7521 4225 262
332 6095 238
8492 347 262
8785 5324 262
2254 2233 139
5394 8892 262
6710 832 262
2813 232 209
5128 1967 238
2181 3499 217
5079 8287 262
5165 1850 238
4292 8959 262
8330 7172 252
6180 5929 262
7350 6020 262
331 366 126
4417 8649 262
3116 3054 186
7975 5548 262
4732 9957 262
8678 9732 260
6862 3165 262
4420 9460 262
2241 2082 183
6721 5365 262
7871 183 262
2526 845 209
1598 445 182
5668 488 238
7346 6557 257
1464 533 182
5505 9344 262
1732 4696 238
3224 3498 181
2611 5851 238
3331 2951 199
2180 1782 175
200 3022 217
5645 1323 238
7154 7277 195
8517 3356 262
687 5257 238
3261 3169 199
8093 6462 257
444 5598 238
2124 2408 183
9597 3630 262
6759 4808 262
739 3194 217
6382 9318 260
3276 7418 262
5160 756 238
1591 3181 217
8388 5921 262
5569 3462 238
8529 5476 262
2616 9728 262
8273 937 262
9690 2579 262
1630 2374 183
9758 2580 262
3240 8736 262
4322 9971 262
303 9908 262
3204 1285 217
6970 7577 239
6800 2713 262
1097 8243 262
5959 2483 238
4948 4901 210
7361 8439 252
9081 8193 247
4462 7618 262
583 1370 182
8928 1859 262
5381 5123 192
7053 8869 252
9343 3149 262
4718 4829 197
6223 5808 262
182 2801 209
9696 202 262
9123 8440 247
4454 1412 238
531 544 137
2596 9259 262
3599 2930 199
